<?xml version="1.0" encoding="UTF-8"?>
<!-- Generated by org.testng.reporters.JUnitXMLReporter -->
<testsuite ignored="0" hostname="Lenovo" failures="0" tests="6" name="Test" time="0.514" errors="0" timestamp="2022-03-22T21:54:58 IST">
  <testcase classname="Mvn.prop.anttest" name="method1" time="0.03"/>
  <testcase classname="Mvn.prop.anttest" name="method6" time="0.02"/>
  <testcase classname="Mvn.prop.anttest2" name="method3" time="0.012"/>
  <testcase classname="Mvn.prop.anttest2" name="method5" time="0.015"/>
  <testcase classname="Mvn.prop.anttest2" name="method5" time="0.011"/>
  <testcase classname="Mvn.prop.anttest2" name="method5" time="0.013"/>
</testsuite> <!-- Test -->
