<?xml version="1.0" encoding="UTF-8"?>
<testng-results ignored="0" total="6" passed="6" failed="0" skipped="0">
  <reporter-output>
  </reporter-output>
  <suite started-at="2022-03-22T21:54:58 IST" name="Suite" finished-at="2022-03-22T21:54:58 IST" duration-ms="514">
    <groups>
      <group name="smoke">
        <method signature="anttest.method1(java.lang.String)[pri:0, instance:Mvn.prop.anttest@47d9a273]" name="method1" class="Mvn.prop.anttest"/>
        <method signature="anttest2.method3()[pri:0, instance:Mvn.prop.anttest2@4c1909a3]" name="method3" class="Mvn.prop.anttest2"/>
      </group> <!-- smoke -->
    </groups>
    <test started-at="2022-03-22T21:54:58 IST" name="Test" finished-at="2022-03-22T21:54:58 IST" duration-ms="514">
      <class name="Mvn.prop.anttest">
        <test-method is-config="true" signature="method2()[pri:0, instance:Mvn.prop.anttest@47d9a273]" started-at="2022-03-22T21:54:58 IST" name="method2" finished-at="2022-03-22T21:54:58 IST" duration-ms="22" status="PASS">
          <reporter-output>
          </reporter-output>
        </test-method> <!-- method2 -->
        <test-method is-config="true" signature="cls()[pri:0, instance:Mvn.prop.anttest@47d9a273]" started-at="2022-03-22T21:54:58 IST" name="cls" finished-at="2022-03-22T21:54:58 IST" duration-ms="1" status="PASS">
          <reporter-output>
          </reporter-output>
        </test-method> <!-- cls -->
        <test-method signature="method1(java.lang.String)[pri:0, instance:Mvn.prop.anttest@47d9a273]" started-at="2022-03-22T21:54:58 IST" name="method1" finished-at="2022-03-22T21:54:58 IST" duration-ms="30" status="PASS">
          <params>
            <param index="0">
              <value>
                <![CDATA[https:/www.google.com]]>
              </value>
            </param>
          </params>
          <reporter-output>
          </reporter-output>
        </test-method> <!-- method1 -->
        <test-method signature="method6()[pri:0, instance:Mvn.prop.anttest@47d9a273]" started-at="2022-03-22T21:54:58 IST" name="method6" finished-at="2022-03-22T21:54:58 IST" duration-ms="20" status="PASS">
          <reporter-output>
          </reporter-output>
        </test-method> <!-- method6 -->
      </class> <!-- Mvn.prop.anttest -->
      <class name="Mvn.prop.anttest2">
        <test-method signature="method3()[pri:0, instance:Mvn.prop.anttest2@4c1909a3]" started-at="2022-03-22T21:54:58 IST" name="method3" finished-at="2022-03-22T21:54:58 IST" duration-ms="12" status="PASS">
          <reporter-output>
          </reporter-output>
        </test-method> <!-- method3 -->
        <test-method is-config="true" signature="mthd()[pri:0, instance:Mvn.prop.anttest2@4c1909a3]" started-at="2022-03-22T21:54:58 IST" name="mthd" finished-at="2022-03-22T21:54:58 IST" duration-ms="1" status="PASS">
          <reporter-output>
          </reporter-output>
        </test-method> <!-- mthd -->
        <test-method signature="method5(java.lang.String,java.lang.String)[pri:0, instance:Mvn.prop.anttest2@4c1909a3]" started-at="2022-03-22T21:54:58 IST" name="method5" data-provider="O" finished-at="2022-03-22T21:54:58 IST" duration-ms="15" status="PASS">
          <params>
            <param index="0">
              <value>
                <![CDATA[1]]>
              </value>
            </param>
            <param index="1">
              <value>
                <![CDATA[2]]>
              </value>
            </param>
          </params>
          <reporter-output>
          </reporter-output>
        </test-method> <!-- method5 -->
        <test-method is-config="true" signature="mthd()[pri:0, instance:Mvn.prop.anttest2@4c1909a3]" started-at="2022-03-22T21:54:58 IST" name="mthd" finished-at="2022-03-22T21:54:58 IST" duration-ms="1" status="PASS">
          <reporter-output>
          </reporter-output>
        </test-method> <!-- mthd -->
        <test-method signature="method5(java.lang.String,java.lang.String)[pri:0, instance:Mvn.prop.anttest2@4c1909a3]" started-at="2022-03-22T21:54:58 IST" name="method5" data-provider="O" finished-at="2022-03-22T21:54:58 IST" duration-ms="11" status="PASS">
          <params>
            <param index="0">
              <value>
                <![CDATA[3]]>
              </value>
            </param>
            <param index="1">
              <value>
                <![CDATA[4]]>
              </value>
            </param>
          </params>
          <reporter-output>
          </reporter-output>
        </test-method> <!-- method5 -->
        <test-method is-config="true" signature="mthd()[pri:0, instance:Mvn.prop.anttest2@4c1909a3]" started-at="2022-03-22T21:54:58 IST" name="mthd" finished-at="2022-03-22T21:54:58 IST" duration-ms="50" status="PASS">
          <reporter-output>
          </reporter-output>
        </test-method> <!-- mthd -->
        <test-method signature="method5(java.lang.String,java.lang.String)[pri:0, instance:Mvn.prop.anttest2@4c1909a3]" started-at="2022-03-22T21:54:58 IST" name="method5" data-provider="O" finished-at="2022-03-22T21:54:58 IST" duration-ms="13" status="PASS">
          <params>
            <param index="0">
              <value>
                <![CDATA[5]]>
              </value>
            </param>
            <param index="1">
              <value>
                <![CDATA[6]]>
              </value>
            </param>
          </params>
          <reporter-output>
          </reporter-output>
        </test-method> <!-- method5 -->
        <test-method is-config="true" signature="mthd()[pri:0, instance:Mvn.prop.anttest2@4c1909a3]" started-at="2022-03-22T21:54:58 IST" name="mthd" finished-at="2022-03-22T21:54:58 IST" duration-ms="0" status="PASS">
          <reporter-output>
          </reporter-output>
        </test-method> <!-- mthd -->
        <test-method is-config="true" signature="method9()[pri:0, instance:Mvn.prop.anttest2@4c1909a3]" started-at="2022-03-22T21:54:58 IST" name="method9" finished-at="2022-03-22T21:54:58 IST" duration-ms="1" status="PASS">
          <reporter-output>
          </reporter-output>
        </test-method> <!-- method9 -->
        <test-method is-config="true" signature="method4()[pri:0, instance:Mvn.prop.anttest2@4c1909a3]" started-at="2022-03-22T21:54:58 IST" name="method4" finished-at="2022-03-22T21:54:58 IST" duration-ms="1" status="PASS">
          <reporter-output>
          </reporter-output>
        </test-method> <!-- method4 -->
      </class> <!-- Mvn.prop.anttest2 -->
    </test> <!-- Test -->
  </suite> <!-- Suite -->
</testng-results>
